<?xml version="1.0" encoding="UTF-8"?>
<!-- Generated by org.testng.reporters.JUnitReportReporter -->
<testsuite hostname="DESKTOP-01LCE9Q" failures="0" tests="1" name="com.crm.testcases.Login" time="1.750" errors="0" timestamp="2023-11-30T16:28:03 IST" skipped="0">
  <testcase classname="com.crm.testcases.Login" name="TC001_VerifyLoginWithValidUser" time="1.750"/>
  <system-out/>
</testsuite> <!-- com.crm.testcases.Login -->
